[debug] [2017-11-01T12:15:35.504Z] ----------------------------------------------------------------------
[debug] [2017-11-01T12:15:35.507Z] Command:       /usr/local/bin/node /usr/local/bin/firebase deploy
[debug] [2017-11-01T12:15:35.507Z] CLI Version:   3.12.0
[debug] [2017-11-01T12:15:35.507Z] Platform:      darwin
[debug] [2017-11-01T12:15:35.508Z] Node Version:  v6.10.3
[debug] [2017-11-01T12:15:35.508Z] Time:          Thu Nov 02 2017 01:15:35 GMT+1300 (NZDT)
[debug] [2017-11-01T12:15:35.508Z] ----------------------------------------------------------------------
[debug] 
[debug] [2017-11-01T12:15:35.532Z] > command requires scopes: ["email","openid","https://www.googleapis.com/auth/cloudplatformprojects.readonly","https://www.googleapis.com/auth/firebase","https://www.googleapis.com/auth/cloud-platform"]
[debug] [2017-11-01T12:15:35.533Z] > authorizing via signed-in user
[debug] [2017-11-01T12:15:35.535Z] > refreshing access token with scopes: ["email","https://www.googleapis.com/auth/cloud-platform","https://www.googleapis.com/auth/cloudplatformprojects.readonly","https://www.googleapis.com/auth/firebase","openid"]
[debug] [2017-11-01T12:15:35.535Z] >>> HTTP REQUEST POST https://www.googleapis.com/oauth2/v3/token { refresh_token: '1/vvVTcAXXqE8eMuPmCjJeflTH8MyQ7YNc9ITWQC1wXuE',
  client_id: '563584335869-fgrhgmd47bqnekij5i8b5pr03ho849e6.apps.googleusercontent.com',
  client_secret: 'j9iVZfS8kkCEFUPaAeJV0sAi',
  grant_type: 'refresh_token',
  scope: 'email https://www.googleapis.com/auth/cloud-platform https://www.googleapis.com/auth/cloudplatformprojects.readonly https://www.googleapis.com/auth/firebase openid' } 
 Thu Nov 02 2017 01:15:35 GMT+1300 (NZDT)
[debug] [2017-11-01T12:15:36.081Z] <<< HTTP RESPONSE 200
[debug] [2017-11-01T12:15:36.087Z] >>> HTTP REQUEST GET https://admin.firebase.com/v1/projects/nuiweb-69916  
 Thu Nov 02 2017 01:15:36 GMT+1300 (NZDT)
[debug] [2017-11-01T12:15:37.596Z] <<< HTTP RESPONSE 200
[debug] [2017-11-01T12:15:37.597Z] >>> HTTP REQUEST GET https://admin.firebase.com/v1/database/nuiweb-69916/tokens  
 Thu Nov 02 2017 01:15:37 GMT+1300 (NZDT)
[debug] [2017-11-01T12:15:38.629Z] <<< HTTP RESPONSE 200
[info] 
[info] === Deploying to 'nuiweb-69916'...
[info] 
[info] i  deploying database, functions, hosting
[info] ✔  database: rules ready to deploy.
[debug] [2017-11-01T12:15:41.134Z] > [functions] package.json contents: {
  "name": "functions",
  "description": "Cloud Functions for Firebase",
  "dependencies": {
    "firebase-admin": "~4.1.2",
    "firebase-functions": "^0.5"
  },
  "private": true
}
[info] i  functions: ensuring necessary APIs are enabled...
[info] i  runtimeconfig: ensuring necessary APIs are enabled...
[debug] [2017-11-01T12:15:41.136Z] >>> HTTP REQUEST GET https://servicemanagement.googleapis.com/v1/services/cloudfunctions.googleapis.com/projectSettings/nuiweb-69916?view=CONSUMER_VIEW  
 Thu Nov 02 2017 01:15:41 GMT+1300 (NZDT)
[debug] [2017-11-01T12:15:41.137Z] >>> HTTP REQUEST GET https://servicemanagement.googleapis.com/v1/services/runtimeconfig.googleapis.com/projectSettings/nuiweb-69916?view=CONSUMER_VIEW  
 Thu Nov 02 2017 01:15:41 GMT+1300 (NZDT)
[debug] [2017-11-01T12:15:43.124Z] <<< HTTP RESPONSE 200
[info] ✔  runtimeconfig: all necessary APIs are enabled
[debug] [2017-11-01T12:15:43.195Z] <<< HTTP RESPONSE 200
[info] ✔  functions: all necessary APIs are enabled
[debug] [2017-11-01T12:15:43.197Z] >>> HTTP REQUEST GET https://appengine.googleapis.com/v1/apps/nuiweb-69916  
 Thu Nov 02 2017 01:15:43 GMT+1300 (NZDT)
[debug] [2017-11-01T12:15:43.198Z] >>> HTTP REQUEST GET https://apikeys.googleapis.com/v1/projects/nuiweb-69916/apiKeys  
 Thu Nov 02 2017 01:15:43 GMT+1300 (NZDT)
[debug] [2017-11-01T12:15:44.844Z] <<< HTTP RESPONSE 200
[debug] [2017-11-01T12:15:44.980Z] <<< HTTP RESPONSE 200
[info] i  functions: preparing functions directory for uploading...
[debug] [2017-11-01T12:15:47.297Z] >>> HTTP REQUEST GET https://runtimeconfig.googleapis.com/v1beta1/projects/nuiweb-69916/configs  
 Thu Nov 02 2017 01:15:47 GMT+1300 (NZDT)
[debug] [2017-11-01T12:15:48.201Z] <<< HTTP RESPONSE 200
[info] i  hosting: preparing dist directory for upload...
[debug] [2017-11-01T12:15:49.607Z] >>> HTTP REQUEST PUT https://deploy.firebase.com/v1/hosting/nuiweb-69916/uploads/-KxrVYnaRR_YigrnI4Be?fileCount=81&message=  
 Thu Nov 02 2017 01:15:49 GMT+1300 (NZDT)
