[debug] [2017-06-27T09:19:19.416Z] ----------------------------------------------------------------------
[debug] [2017-06-27T09:19:19.418Z] Command:      /usr/local/bin/node /usr/local/bin/firebase deploy
[debug] [2017-06-27T09:19:19.419Z] CLI Version:  3.9.1
[debug] [2017-06-27T09:19:19.419Z] Platform:     darwin
[debug] [2017-06-27T09:19:19.419Z] Node Version: v6.10.3
[debug] [2017-06-27T09:19:19.419Z] Time:         Tue Jun 27 2017 21:19:19 GMT+1200 (NZST)
[debug] [2017-06-27T09:19:19.419Z] ----------------------------------------------------------------------
[debug] 
[debug] [2017-06-27T09:19:19.435Z] > command requires scopes: ["email","openid","https://www.googleapis.com/auth/cloudplatformprojects.readonly","https://www.googleapis.com/auth/firebase","https://www.googleapis.com/auth/cloud-platform"]
[debug] [2017-06-27T09:19:19.436Z] > authorizing via signed-in user
[debug] [2017-06-27T09:19:19.438Z] > refreshing access token with scopes: ["email","https://www.googleapis.com/auth/cloud-platform","https://www.googleapis.com/auth/cloudplatformprojects.readonly","https://www.googleapis.com/auth/firebase","openid"]
[debug] [2017-06-27T09:19:19.438Z] >>> HTTP REQUEST POST https://www.googleapis.com/oauth2/v3/token { refresh_token: '1/vvVTcAXXqE8eMuPmCjJeflTH8MyQ7YNc9ITWQC1wXuE',
  client_id: '563584335869-fgrhgmd47bqnekij5i8b5pr03ho849e6.apps.googleusercontent.com',
  client_secret: 'j9iVZfS8kkCEFUPaAeJV0sAi',
  grant_type: 'refresh_token',
  scope: 'email https://www.googleapis.com/auth/cloud-platform https://www.googleapis.com/auth/cloudplatformprojects.readonly https://www.googleapis.com/auth/firebase openid' } 
 Tue Jun 27 2017 21:19:19 GMT+1200 (NZST)
[debug] [2017-06-27T09:19:19.981Z] <<< HTTP RESPONSE 200
[debug] [2017-06-27T09:19:19.985Z] >>> HTTP REQUEST GET https://admin.firebase.com/v1/projects/nuiweb-69916  
 Tue Jun 27 2017 21:19:19 GMT+1200 (NZST)
[debug] [2017-06-27T09:19:21.774Z] <<< HTTP RESPONSE 200
[debug] [2017-06-27T09:19:21.775Z] >>> HTTP REQUEST GET https://admin.firebase.com/v1/database/nuiweb-69916/tokens  
 Tue Jun 27 2017 21:19:21 GMT+1200 (NZST)
[debug] [2017-06-27T09:19:22.729Z] <<< HTTP RESPONSE 200
[info] 
[info] === Deploying to 'nuiweb-69916'...
[info] 
[info] i  deploying database, functions, hosting
[info] ✔  database: rules ready to deploy.
[debug] [2017-06-27T09:19:26.268Z] > [functions] package.json contents: {
  "name": "functions",
  "description": "Cloud Functions for Firebase",
  "dependencies": {
    "firebase-admin": "~4.1.2",
    "firebase-functions": "^0.5"
  },
  "private": true
}
[info] i  functions: ensuring necessary APIs are enabled...
[info] i  runtimeconfig: ensuring necessary APIs are enabled...
[debug] [2017-06-27T09:19:26.269Z] >>> HTTP REQUEST GET https://servicemanagement.googleapis.com/v1/services/cloudfunctions.googleapis.com/projectSettings/nuiweb-69916?view=CONSUMER_VIEW  
 Tue Jun 27 2017 21:19:26 GMT+1200 (NZST)
[debug] [2017-06-27T09:19:26.270Z] >>> HTTP REQUEST GET https://servicemanagement.googleapis.com/v1/services/runtimeconfig.googleapis.com/projectSettings/nuiweb-69916?view=CONSUMER_VIEW  
 Tue Jun 27 2017 21:19:26 GMT+1200 (NZST)
[debug] [2017-06-27T09:19:28.306Z] <<< HTTP RESPONSE 200
[info] ✔  runtimeconfig: all necessary APIs are enabled
[debug] [2017-06-27T09:19:28.417Z] <<< HTTP RESPONSE 200
[info] ✔  functions: all necessary APIs are enabled
[debug] [2017-06-27T09:19:28.418Z] >>> HTTP REQUEST GET https://appengine.googleapis.com/v1/apps/nuiweb-69916  
 Tue Jun 27 2017 21:19:28 GMT+1200 (NZST)
[debug] [2017-06-27T09:19:28.419Z] >>> HTTP REQUEST GET https://apikeys.googleapis.com/v1/projects/nuiweb-69916/apiKeys  
 Tue Jun 27 2017 21:19:28 GMT+1200 (NZST)
[debug] [2017-06-27T09:19:29.873Z] <<< HTTP RESPONSE 200
[debug] [2017-06-27T09:19:29.982Z] <<< HTTP RESPONSE 200
[info] i  functions: preparing functions directory for uploading...
[debug] [2017-06-27T09:19:31.189Z] >>> HTTP REQUEST GET https://runtimeconfig.googleapis.com/v1beta1/projects/nuiweb-69916/configs  
 Tue Jun 27 2017 21:19:31 GMT+1200 (NZST)
[debug] [2017-06-27T09:19:32.173Z] <<< HTTP RESPONSE 200
[info] i  hosting: preparing dist directory for upload...
[debug] [2017-06-27T09:19:33.853Z] >>> HTTP REQUEST PUT https://deploy.firebase.com/v1/hosting/nuiweb-69916/uploads/-KncqIkwN06zT-X961kG?fileCount=57&message=  
 Tue Jun 27 2017 21:19:33 GMT+1200 (NZST)
